INFO:     Started server process [26868]
INFO:     Waiting for application startup.
INFO:     Application startup complete.
INFO:     Uvicorn running on http://127.0.0.1:8001 (Press CTRL+C to quit)
Exception in callback _ProactorBasePipeTransport._call_connection_lost()
handle: <Handle _ProactorBasePipeTransport._call_connection_lost()>
Traceback (most recent call last):
  File "C:\Users\Asus\anaconda3\Lib\asyncio\events.py", line 89, in _run
    self._context.run(self._callback, *self._args)
    ~~~~~~~~~~~~~~~~~^^^^^^^^^^^^^^^^^^^^^^^^^^^^^
  File "C:\Users\Asus\anaconda3\Lib\asyncio\proactor_events.py", line 165, in _call_connection_lost
    self._sock.shutdown(socket.SHUT_RDWR)
    ~~~~~~~~~~~~~~~~~~~^^^^^^^^^^^^^^^^^^
ConnectionResetError: [WinError 10054] An existing connection was forcibly closed by the remote host
C:\Users\Asus\anaconda3\Lib\site-packages\sklearn\utils\validation.py:2739: UserWarning: X does not have valid feature names, but StandardScaler was fitted with feature names
  warnings.warn(
C:\Users\Asus\anaconda3\Lib\site-packages\sklearn\utils\validation.py:2739: UserWarning: X does not have valid feature names, but StandardScaler was fitted with feature names
  warnings.warn(
C:\Users\Asus\anaconda3\Lib\site-packages\sklearn\utils\validation.py:2739: UserWarning: X does not have valid feature names, but StandardScaler was fitted with feature names
  warnings.warn(
C:\Users\Asus\anaconda3\Lib\site-packages\sklearn\utils\validation.py:2739: UserWarning: X does not have valid feature names, but StandardScaler was fitted with feature names
  warnings.warn(
C:\Users\Asus\anaconda3\Lib\site-packages\sklearn\utils\validation.py:2739: UserWarning: X does not have valid feature names, but StandardScaler was fitted with feature names
  warnings.warn(
C:\Users\Asus\anaconda3\Lib\site-packages\sklearn\utils\validation.py:2739: UserWarning: X does not have valid feature names, but StandardScaler was fitted with feature names
  warnings.warn(
C:\Users\Asus\anaconda3\Lib\site-packages\sklearn\utils\validation.py:2739: UserWarning: X does not have valid feature names, but StandardScaler was fitted with feature names
  warnings.warn(
C:\Users\Asus\anaconda3\Lib\site-packages\sklearn\utils\validation.py:2739: UserWarning: X does not have valid feature names, but StandardScaler was fitted with feature names
  warnings.warn(
C:\Users\Asus\anaconda3\Lib\site-packages\sklearn\utils\validation.py:2739: UserWarning: X does not have valid feature names, but StandardScaler was fitted with feature names
  warnings.warn(
C:\Users\Asus\anaconda3\Lib\site-packages\sklearn\utils\validation.py:2739: UserWarning: X does not have valid feature names, but StandardScaler was fitted with feature names
  warnings.warn(
C:\Users\Asus\anaconda3\Lib\site-packages\sklearn\utils\validation.py:2739: UserWarning: X does not have valid feature names, but StandardScaler was fitted with feature names
  warnings.warn(
C:\Users\Asus\anaconda3\Lib\site-packages\sklearn\utils\validation.py:2739: UserWarning: X does not have valid feature names, but StandardScaler was fitted with feature names
  warnings.warn(
C:\Users\Asus\anaconda3\Lib\site-packages\sklearn\utils\validation.py:2739: UserWarning: X does not have valid feature names, but StandardScaler was fitted with feature names
  warnings.warn(
C:\Users\Asus\anaconda3\Lib\site-packages\sklearn\utils\validation.py:2739: UserWarning: X does not have valid feature names, but StandardScaler was fitted with feature names
  warnings.warn(
C:\Users\Asus\anaconda3\Lib\site-packages\sklearn\utils\validation.py:2739: UserWarning: X does not have valid feature names, but StandardScaler was fitted with feature names
  warnings.warn(
C:\Users\Asus\anaconda3\Lib\site-packages\sklearn\utils\validation.py:2739: UserWarning: X does not have valid feature names, but StandardScaler was fitted with feature names
  warnings.warn(
C:\Users\Asus\anaconda3\Lib\site-packages\sklearn\utils\validation.py:2739: UserWarning: X does not have valid feature names, but StandardScaler was fitted with feature names
  warnings.warn(
C:\Users\Asus\anaconda3\Lib\site-packages\sklearn\utils\validation.py:2739: UserWarning: X does not have valid feature names, but StandardScaler was fitted with feature names
  warnings.warn(
C:\Users\Asus\anaconda3\Lib\site-packages\sklearn\utils\validation.py:2739: UserWarning: X does not have valid feature names, but StandardScaler was fitted with feature names
  warnings.warn(
C:\Users\Asus\anaconda3\Lib\site-packages\sklearn\utils\validation.py:2739: UserWarning: X does not have valid feature names, but StandardScaler was fitted with feature names
  warnings.warn(
C:\Users\Asus\anaconda3\Lib\site-packages\sklearn\utils\validation.py:2739: UserWarning: X does not have valid feature names, but StandardScaler was fitted with feature names
  warnings.warn(
C:\Users\Asus\anaconda3\Lib\site-packages\sklearn\utils\validation.py:2739: UserWarning: X does not have valid feature names, but StandardScaler was fitted with feature names
  warnings.warn(
C:\Users\Asus\anaconda3\Lib\site-packages\sklearn\utils\validation.py:2739: UserWarning: X does not have valid feature names, but StandardScaler was fitted with feature names
  warnings.warn(
C:\Users\Asus\anaconda3\Lib\site-packages\sklearn\utils\validation.py:2739: UserWarning: X does not have valid feature names, but StandardScaler was fitted with feature names
  warnings.warn(
C:\Users\Asus\anaconda3\Lib\site-packages\sklearn\utils\validation.py:2739: UserWarning: X does not have valid feature names, but StandardScaler was fitted with feature names
  warnings.warn(
C:\Users\Asus\anaconda3\Lib\site-packages\sklearn\utils\validation.py:2739: UserWarning: X does not have valid feature names, but StandardScaler was fitted with feature names
  warnings.warn(
C:\Users\Asus\anaconda3\Lib\site-packages\sklearn\utils\validation.py:2739: UserWarning: X does not have valid feature names, but StandardScaler was fitted with feature names
  warnings.warn(
C:\Users\Asus\anaconda3\Lib\site-packages\sklearn\utils\validation.py:2739: UserWarning: X does not have valid feature names, but StandardScaler was fitted with feature names
  warnings.warn(
C:\Users\Asus\anaconda3\Lib\site-packages\sklearn\utils\validation.py:2739: UserWarning: X does not have valid feature names, but StandardScaler was fitted with feature names
  warnings.warn(
C:\Users\Asus\anaconda3\Lib\site-packages\sklearn\utils\validation.py:2739: UserWarning: X does not have valid feature names, but StandardScaler was fitted with feature names
  warnings.warn(
C:\Users\Asus\anaconda3\Lib\site-packages\sklearn\utils\validation.py:2739: UserWarning: X does not have valid feature names, but StandardScaler was fitted with feature names
  warnings.warn(
C:\Users\Asus\anaconda3\Lib\site-packages\sklearn\utils\validation.py:2739: UserWarning: X does not have valid feature names, but StandardScaler was fitted with feature names
  warnings.warn(
C:\Users\Asus\anaconda3\Lib\site-packages\sklearn\utils\validation.py:2739: UserWarning: X does not have valid feature names, but StandardScaler was fitted with feature names
  warnings.warn(
C:\Users\Asus\anaconda3\Lib\site-packages\sklearn\utils\validation.py:2739: UserWarning: X does not have valid feature names, but StandardScaler was fitted with feature names
  warnings.warn(
C:\Users\Asus\anaconda3\Lib\site-packages\sklearn\utils\validation.py:2739: UserWarning: X does not have valid feature names, but StandardScaler was fitted with feature names
  warnings.warn(
C:\Users\Asus\anaconda3\Lib\site-packages\sklearn\utils\validation.py:2739: UserWarning: X does not have valid feature names, but StandardScaler was fitted with feature names
  warnings.warn(
